<?xml version="1.0" encoding="UTF-8"?>
<!-- Generated by org.testng.reporters.JUnitXMLReporter -->
<testsuite ignored="0" hostname="Lava" failures="1" tests="1" name="Test1" time="32.046" errors="0" timestamp="2025-07-29T17:55:38 IST">
  <testcase classname="testCases.TC_001_Accountregistrationtest" name="Registrationpagetest" time="10.42">
    <failure type="java.lang.AssertionError" message="null">
      <![CDATA[java.lang.AssertionError: null
at testCases.TC_001_Accountregistrationtest.Registrationpagetest(TC_001_Accountregistrationtest.java:53)
at java.base/java.util.ArrayList.forEach(ArrayList.java:1596)
at java.base/java.util.concurrent.FutureTask.run(FutureTask.java:317)
at java.base/java.util.concurrent.ThreadPoolExecutor.runWorker(ThreadPoolExecutor.java:1144)
at java.base/java.util.concurrent.ThreadPoolExecutor$Worker.run(ThreadPoolExecutor.java:642)
at java.base/java.lang.Thread.run(Thread.java:1583)
... Removed 17 stack frames]]>
    </failure>
  </testcase> <!-- Registrationpagetest -->
</testsuite> <!-- Test1 -->
